# JRE version: Java(TM) SE Runtime Environment (7.0_79-b15) (build 1.7.0_79-b15)
# Java VM: Java HotSpot(TM) 64-Bit Server VM (24.79-b02 mixed mode windows-amd64 compressed oops)
Heap
 PSYoungGen      total 248832K, used 121223K [0x00000000eaa80000, 0x00000000fc280000, 0x0000000100000000)
  eden space 224768K, 43% used [0x00000000eaa80000,0x00000000f09676b0,0x00000000f8600000)
  from space 24064K, 99% used [0x00000000fa200000,0x00000000fb97a7d0,0x00000000fb980000)
  to   space 28672K, 0% used [0x00000000f8600000,0x00000000f8600000,0x00000000fa200000)
 ParOldGen       total 75776K, used 41116K [0x00000000c0000000, 0x00000000c4a00000, 0x00000000eaa80000)
  object space 75776K, 54% used [0x00000000c0000000,0x00000000c28270d8,0x00000000c4a00000)
 PSPermGen       total 21504K, used 6204K [0x00000000bae00000, 0x00000000bc300000, 0x00000000c0000000)
  object space 21504K, 28% used [0x00000000bae00000,0x00000000bb40f028,0x00000000bc300000)
GC Heap History (10 events):
Event: 1.536 GC heap before
{Heap before GC invocations=2 (full 0):
 PSYoungGen      total 33280K, used 33258K [0x00000000eaa80000, 0x00000000eeb80000, 0x0000000100000000)
  eden space 28672K, 100% used [0x00000000eaa80000,0x00000000ec680000,0x00000000ec680000)
  from space 4608K, 99% used [0x00000000ec680000,0x00000000ecafaaa8,0x00000000ecb00000)
  to   space 4608K, 0% used [0x00000000ee700000,0x00000000ee700000,0x00000000eeb80000)
 ParOldGen       total 75776K, used 1399K [0x00000000c0000000, 0x00000000c4a00000, 0x00000000eaa80000)
  object space 75776K, 1% used [0x00000000c0000000,0x00000000c015dea8,0x00000000c4a00000)
 PSPermGen       total 21504K, used 5810K [0x00000000bae00000, 0x00000000bc300000, 0x00000000c0000000)
  object space 21504K, 27% used [0x00000000bae00000,0x00000000bb3ac880,0x00000000bc300000)
Event: 1.721 GC heap after
Heap after GC invocations=2 (full 0):
 PSYoungGen      total 61952K, used 4587K [0x00000000eaa80000, 0x00000000eeb80000, 0x0000000100000000)
  eden space 57344K, 0% used [0x00000000eaa80000,0x00000000eaa80000,0x00000000ee280000)
  from space 4608K, 99% used [0x00000000ee700000,0x00000000eeb7ac08,0x00000000eeb80000)
  to   space 4608K, 0% used [0x00000000ee280000,0x00000000ee280000,0x00000000ee700000)
 ParOldGen       total 75776K, used 5241K [0x00000000c0000000, 0x00000000c4a00000, 0x00000000eaa80000)
  object space 75776K, 6% used [0x00000000c0000000,0x00000000c051e758,0x00000000c4a00000)
 PSPermGen       total 21504K, used 5810K [0x00000000bae00000, 0x00000000bc300000, 0x00000000c0000000)
  object space 21504K, 27% used [0x00000000bae00000,0x00000000bb3ac880,0x00000000bc300000)
}
Event: 2.722 GC heap before
{Heap before GC invocations=3 (full 0):
 PSYoungGen      total 61952K, used 61931K [0x00000000eaa80000, 0x00000000eeb80000, 0x0000000100000000)
  eden space 57344K, 100% used [0x00000000eaa80000,0x00000000ee280000,0x00000000ee280000)
  from space 4608K, 99% used [0x00000000ee700000,0x00000000eeb7ac08,0x00000000eeb80000)
  to   space 4608K, 0% used [0x00000000ee280000,0x00000000ee280000,0x00000000ee700000)
 ParOldGen       total 75776K, used 5241K [0x00000000c0000000, 0x00000000c4a00000, 0x00000000eaa80000)
  object space 75776K, 6% used [0x00000000c0000000,0x00000000c051e758,0x00000000c4a00000)
 PSPermGen       total 21504K, used 5872K [0x00000000bae00000, 0x00000000bc300000, 0x00000000c0000000)
  object space 21504K, 27% used [0x00000000bae00000,0x00000000bb3bc018,0x00000000bc300000)
Event: 3.142 GC heap after
Heap after GC invocations=3 (full 0):
 PSYoungGen      total 61952K, used 4604K [0x00000000eaa80000, 0x00000000f2380000, 0x0000000100000000)
  eden space 57344K, 0% used [0x00000000eaa80000,0x00000000eaa80000,0x00000000ee280000)
  from space 4608K, 99% used [0x00000000ee280000,0x00000000ee6ff0d0,0x00000000ee700000)
  to   space 4608K, 0% used [0x00000000f1f00000,0x00000000f1f00000,0x00000000f2380000)
 ParOldGen       total 75776K, used 13751K [0x00000000c0000000, 0x00000000c4a00000, 0x00000000eaa80000)
  object space 75776K, 18% used [0x00000000c0000000,0x00000000c0d6de00,0x00000000c4a00000)
 PSPermGen       total 21504K, used 5872K [0x00000000bae00000, 0x00000000bc300000, 0x00000000c0000000)
  object space 21504K, 27% used [0x00000000bae00000,0x00000000bb3bc018,0x00000000bc300000)
}
Event: 3.951 GC heap before
{Heap before GC invocations=4 (full 0):
 PSYoungGen      total 61952K, used 61948K [0x00000000eaa80000, 0x00000000f2380000, 0x0000000100000000)
  eden space 57344K, 100% used [0x00000000eaa80000,0x00000000ee280000,0x00000000ee280000)
  from space 4608K, 99% used [0x00000000ee280000,0x00000000ee6ff0d0,0x00000000ee700000)
  to   space 4608K, 0% used [0x00000000f1f00000,0x00000000f1f00000,0x00000000f2380000)
 ParOldGen       total 75776K, used 13751K [0x00000000c0000000, 0x00000000c4a00000, 0x00000000eaa80000)
  object space 75776K, 18% used [0x00000000c0000000,0x00000000c0d6de00,0x00000000c4a00000)
 PSPermGen       total 21504K, used 5903K [0x00000000bae00000, 0x00000000bc300000, 0x00000000c0000000)
  object space 21504K, 27% used [0x00000000bae00000,0x00000000bb3c3ca0,0x00000000bc300000)
Event: 4.027 GC heap after
Heap after GC invocations=4 (full 0):
 PSYoungGen      total 119296K, used 4587K [0x00000000eaa80000, 0x00000000f2380000, 0x0000000100000000)
  eden space 114688K, 0% used [0x00000000eaa80000,0x00000000eaa80000,0x00000000f1a80000)
  from space 4608K, 99% used [0x00000000f1f00000,0x00000000f237aeb8,0x00000000f2380000)
  to   space 4608K, 0% used [0x00000000f1a80000,0x00000000f1a80000,0x00000000f1f00000)
 ParOldGen       total 75776K, used 22748K [0x00000000c0000000, 0x00000000c4a00000, 0x00000000eaa80000)
  object space 75776K, 30% used [0x00000000c0000000,0x00000000c16373b0,0x00000000c4a00000)
 PSPermGen       total 21504K, used 5903K [0x00000000bae00000, 0x00000000bc300000, 0x00000000c0000000)
  object space 21504K, 27% used [0x00000000bae00000,0x00000000bb3c3ca0,0x00000000bc300000)
}
Event: 4.854 GC heap before
{Heap before GC invocations=5 (full 0):
 PSYoungGen      total 119296K, used 119275K [0x00000000eaa80000, 0x00000000f2380000, 0x0000000100000000)
  eden space 114688K, 100% used [0x00000000eaa80000,0x00000000f1a80000,0x00000000f1a80000)
  from space 4608K, 99% used [0x00000000f1f00000,0x00000000f237aeb8,0x00000000f2380000)
  to   space 4608K, 0% used [0x00000000f1a80000,0x00000000f1a80000,0x00000000f1f00000)
 ParOldGen       total 75776K, used 22748K [0x00000000c0000000, 0x00000000c4a00000, 0x00000000eaa80000)
  object space 75776K, 30% used [0x00000000c0000000,0x00000000c16373b0,0x00000000c4a00000)
 PSPermGen       total 21504K, used 5969K [0x00000000bae00000, 0x00000000bc300000, 0x00000000c0000000)
  object space 21504K, 27% used [0x00000000bae00000,0x00000000bb3d44b0,0x00000000bc300000)
Event: 5.012 GC heap after
Heap after GC invocations=5 (full 0):
 PSYoungGen      total 119296K, used 4577K [0x00000000eaa80000, 0x00000000fb980000, 0x0000000100000000)
  eden space 114688K, 0% used [0x00000000eaa80000,0x00000000eaa80000,0x00000000f1a80000)
  from space 4608K, 99% used [0x00000000f1a80000,0x00000000f1ef8538,0x00000000f1f00000)
  to   space 24064K, 0% used [0x00000000fa200000,0x00000000fa200000,0x00000000fb980000)
 ParOldGen       total 75776K, used 41062K [0x00000000c0000000, 0x00000000c4a00000, 0x00000000eaa80000)
  object space 75776K, 54% used [0x00000000c0000000,0x00000000c2819ab8,0x00000000c4a00000)
 PSPermGen       total 21504K, used 5969K [0x00000000bae00000, 0x00000000bc300000, 0x00000000c0000000)
  object space 21504K, 27% used [0x00000000bae00000,0x00000000bb3d44b0,0x00000000bc300000)
}
Event: 5.456 GC heap before
{Heap before GC invocations=6 (full 0):
 PSYoungGen      total 119296K, used 119265K [0x00000000eaa80000, 0x00000000fb980000, 0x0000000100000000)
  eden space 114688K, 100% used [0x00000000eaa80000,0x00000000f1a80000,0x00000000f1a80000)
  from space 4608K, 99% used [0x00000000f1a80000,0x00000000f1ef8538,0x00000000f1f00000)
  to   space 24064K, 0% used [0x00000000fa200000,0x00000000fa200000,0x00000000fb980000)
 ParOldGen       total 75776K, used 41062K [0x00000000c0000000, 0x00000000c4a00000, 0x00000000eaa80000)
  object space 75776K, 54% used [0x00000000c0000000,0x00000000c2819ab8,0x00000000c4a00000)
 PSPermGen       total 21504K, used 5990K [0x00000000bae00000, 0x00000000bc300000, 0x00000000c0000000)
  object space 21504K, 27% used [0x00000000bae00000,0x00000000bb3d9a50,0x00000000bc300000)
Event: 5.609 GC heap after
Heap after GC invocations=6 (full 0):
 PSYoungGen      total 248832K, used 24041K [0x00000000eaa80000, 0x00000000fc280000, 0x0000000100000000)
  eden space 224768K, 0% used [0x00000000eaa80000,0x00000000eaa80000,0x00000000f8600000)
  from space 24064K, 99% used [0x00000000fa200000,0x00000000fb97a7d0,0x00000000fb980000)
  to   space 28672K, 0% used [0x00000000f8600000,0x00000000f8600000,0x00000000fa200000)
 ParOldGen       total 75776K, used 41116K [0x00000000c0000000, 0x00000000c4a00000, 0x00000000eaa80000)
  object space 75776K, 54% used [0x00000000c0000000,0x00000000c28270d8,0x00000000c4a00000)
 PSPermGen       total 21504K, used 5990K [0x00000000bae00000, 0x00000000bc300000, 0x00000000c0000000)
  object space 21504K, 27% used [0x00000000bae00000,0x00000000bb3d9a50,0x00000000bc300000)
}

