# JRE version: Java(TM) SE Runtime Environment (7.0_79-b15) (build 1.7.0_79-b15)
# Java VM: Java HotSpot(TM) 64-Bit Server VM (24.79-b02 mixed mode windows-amd64 compressed oops)
Heap
 PSYoungGen      total 119296K, used 104201K [0x00000000eaa80000, 0x00000000fbf80000, 0x0000000100000000)
  eden space 114688K, 86% used [0x00000000eaa80000,0x00000000f0bc2760,0x00000000f1a80000)
  from space 4608K, 100% used [0x00000000f1a80000,0x00000000f1f00000,0x00000000f1f00000)
  to   space 27136K, 0% used [0x00000000fa500000,0x00000000fa500000,0x00000000fbf80000)
 ParOldGen       total 75776K, used 45851K [0x00000000c0000000, 0x00000000c4a00000, 0x00000000eaa80000)
  object space 75776K, 60% used [0x00000000c0000000,0x00000000c2cc6e00,0x00000000c4a00000)
 PSPermGen       total 21504K, used 6393K [0x00000000bae00000, 0x00000000bc300000, 0x00000000c0000000)
  object space 21504K, 29% used [0x00000000bae00000,0x00000000bb43e658,0x00000000bc300000)
GC Heap History (10 events):
Event: 2.206 GC heap before
{Heap before GC invocations=1 (full 0):
 PSYoungGen      total 33280K, used 28672K [0x00000000eaa80000, 0x00000000ecf80000, 0x0000000100000000)
  eden space 28672K, 100% used [0x00000000eaa80000,0x00000000ec680000,0x00000000ec680000)
  from space 4608K, 0% used [0x00000000ecb00000,0x00000000ecb00000,0x00000000ecf80000)
  to   space 4608K, 0% used [0x00000000ec680000,0x00000000ec680000,0x00000000ecb00000)
 ParOldGen       total 75776K, used 0K [0x00000000c0000000, 0x00000000c4a00000, 0x00000000eaa80000)
  object space 75776K, 0% used [0x00000000c0000000,0x00000000c0000000,0x00000000c4a00000)
 PSPermGen       total 21504K, used 5727K [0x00000000bae00000, 0x00000000bc300000, 0x00000000c0000000)
  object space 21504K, 26% used [0x00000000bae00000,0x00000000bb397f50,0x00000000bc300000)
Event: 2.308 GC heap after
Heap after GC invocations=1 (full 0):
 PSYoungGen      total 33280K, used 4602K [0x00000000eaa80000, 0x00000000eeb80000, 0x0000000100000000)
  eden space 28672K, 0% used [0x00000000eaa80000,0x00000000eaa80000,0x00000000ec680000)
  from space 4608K, 99% used [0x00000000ec680000,0x00000000ecafeab8,0x00000000ecb00000)
  to   space 4608K, 0% used [0x00000000ee700000,0x00000000ee700000,0x00000000eeb80000)
 ParOldGen       total 75776K, used 1512K [0x00000000c0000000, 0x00000000c4a00000, 0x00000000eaa80000)
  object space 75776K, 1% used [0x00000000c0000000,0x00000000c017a0d0,0x00000000c4a00000)
 PSPermGen       total 21504K, used 5727K [0x00000000bae00000, 0x00000000bc300000, 0x00000000c0000000)
  object space 21504K, 26% used [0x00000000bae00000,0x00000000bb397f50,0x00000000bc300000)
}
Event: 2.943 GC heap before
{Heap before GC invocations=2 (full 0):
 PSYoungGen      total 33280K, used 33274K [0x00000000eaa80000, 0x00000000eeb80000, 0x0000000100000000)
  eden space 28672K, 100% used [0x00000000eaa80000,0x00000000ec680000,0x00000000ec680000)
  from space 4608K, 99% used [0x00000000ec680000,0x00000000ecafeab8,0x00000000ecb00000)
  to   space 4608K, 0% used [0x00000000ee700000,0x00000000ee700000,0x00000000eeb80000)
 ParOldGen       total 75776K, used 1512K [0x00000000c0000000, 0x00000000c4a00000, 0x00000000eaa80000)
  object space 75776K, 1% used [0x00000000c0000000,0x00000000c017a0d0,0x00000000c4a00000)
 PSPermGen       total 21504K, used 5781K [0x00000000bae00000, 0x00000000bc300000, 0x00000000c0000000)
  object space 21504K, 26% used [0x00000000bae00000,0x00000000bb3a5538,0x00000000bc300000)
Event: 3.192 GC heap after
Heap after GC invocations=2 (full 0):
 PSYoungGen      total 61952K, used 4602K [0x00000000eaa80000, 0x00000000eeb80000, 0x0000000100000000)
  eden space 57344K, 0% used [0x00000000eaa80000,0x00000000eaa80000,0x00000000ee280000)
  from space 4608K, 99% used [0x00000000ee700000,0x00000000eeb7eaa8,0x00000000eeb80000)
  to   space 4608K, 0% used [0x00000000ee280000,0x00000000ee280000,0x00000000ee700000)
 ParOldGen       total 75776K, used 5601K [0x00000000c0000000, 0x00000000c4a00000, 0x00000000eaa80000)
  object space 75776K, 7% used [0x00000000c0000000,0x00000000c0578550,0x00000000c4a00000)
 PSPermGen       total 21504K, used 5781K [0x00000000bae00000, 0x00000000bc300000, 0x00000000c0000000)
  object space 21504K, 26% used [0x00000000bae00000,0x00000000bb3a5538,0x00000000bc300000)
}
Event: 4.136 GC heap before
{Heap before GC invocations=3 (full 0):
 PSYoungGen      total 61952K, used 61946K [0x00000000eaa80000, 0x00000000eeb80000, 0x0000000100000000)
  eden space 57344K, 100% used [0x00000000eaa80000,0x00000000ee280000,0x00000000ee280000)
  from space 4608K, 99% used [0x00000000ee700000,0x00000000eeb7eaa8,0x00000000eeb80000)
  to   space 4608K, 0% used [0x00000000ee280000,0x00000000ee280000,0x00000000ee700000)
 ParOldGen       total 75776K, used 5601K [0x00000000c0000000, 0x00000000c4a00000, 0x00000000eaa80000)
  object space 75776K, 7% used [0x00000000c0000000,0x00000000c0578550,0x00000000c4a00000)
 PSPermGen       total 21504K, used 5825K [0x00000000bae00000, 0x00000000bc300000, 0x00000000c0000000)
  object space 21504K, 27% used [0x00000000bae00000,0x00000000bb3b07a8,0x00000000bc300000)
Event: 4.215 GC heap after
Heap after GC invocations=3 (full 0):
 PSYoungGen      total 61952K, used 4608K [0x00000000eaa80000, 0x00000000f2380000, 0x0000000100000000)
  eden space 57344K, 0% used [0x00000000eaa80000,0x00000000eaa80000,0x00000000ee280000)
  from space 4608K, 100% used [0x00000000ee280000,0x00000000ee700000,0x00000000ee700000)
  to   space 4608K, 0% used [0x00000000f1f00000,0x00000000f1f00000,0x00000000f2380000)
 ParOldGen       total 75776K, used 14132K [0x00000000c0000000, 0x00000000c4a00000, 0x00000000eaa80000)
  object space 75776K, 18% used [0x00000000c0000000,0x00000000c0dcd2f0,0x00000000c4a00000)
 PSPermGen       total 21504K, used 5825K [0x00000000bae00000, 0x00000000bc300000, 0x00000000c0000000)
  object space 21504K, 27% used [0x00000000bae00000,0x00000000bb3b07a8,0x00000000bc300000)
}
Event: 4.518 GC heap before
{Heap before GC invocations=4 (full 0):
 PSYoungGen      total 61952K, used 61952K [0x00000000eaa80000, 0x00000000f2380000, 0x0000000100000000)
  eden space 57344K, 100% used [0x00000000eaa80000,0x00000000ee280000,0x00000000ee280000)
  from space 4608K, 100% used [0x00000000ee280000,0x00000000ee700000,0x00000000ee700000)
  to   space 4608K, 0% used [0x00000000f1f00000,0x00000000f1f00000,0x00000000f2380000)
 ParOldGen       total 75776K, used 14132K [0x00000000c0000000, 0x00000000c4a00000, 0x00000000eaa80000)
  object space 75776K, 18% used [0x00000000c0000000,0x00000000c0dcd2f0,0x00000000c4a00000)
 PSPermGen       total 21504K, used 5864K [0x00000000bae00000, 0x00000000bc300000, 0x00000000c0000000)
  object space 21504K, 27% used [0x00000000bae00000,0x00000000bb3ba2b0,0x00000000bc300000)
Event: 4.563 GC heap after
Heap after GC invocations=4 (full 0):
 PSYoungGen      total 119296K, used 4608K [0x00000000eaa80000, 0x00000000f2380000, 0x0000000100000000)
  eden space 114688K, 0% used [0x00000000eaa80000,0x00000000eaa80000,0x00000000f1a80000)
  from space 4608K, 100% used [0x00000000f1f00000,0x00000000f2380000,0x00000000f2380000)
  to   space 4608K, 0% used [0x00000000f1a80000,0x00000000f1a80000,0x00000000f1f00000)
 ParOldGen       total 75776K, used 23102K [0x00000000c0000000, 0x00000000c4a00000, 0x00000000eaa80000)
  object space 75776K, 30% used [0x00000000c0000000,0x00000000c168f800,0x00000000c4a00000)
 PSPermGen       total 21504K, used 5864K [0x00000000bae00000, 0x00000000bc300000, 0x00000000c0000000)
  object space 21504K, 27% used [0x00000000bae00000,0x00000000bb3ba2b0,0x00000000bc300000)
}
Event: 5.012 GC heap before
{Heap before GC invocations=5 (full 0):
 PSYoungGen      total 119296K, used 119296K [0x00000000eaa80000, 0x00000000f2380000, 0x0000000100000000)
  eden space 114688K, 100% used [0x00000000eaa80000,0x00000000f1a80000,0x00000000f1a80000)
  from space 4608K, 100% used [0x00000000f1f00000,0x00000000f2380000,0x00000000f2380000)
  to   space 4608K, 0% used [0x00000000f1a80000,0x00000000f1a80000,0x00000000f1f00000)
 ParOldGen       total 75776K, used 23102K [0x00000000c0000000, 0x00000000c4a00000, 0x00000000eaa80000)
  object space 75776K, 30% used [0x00000000c0000000,0x00000000c168f800,0x00000000c4a00000)
 PSPermGen       total 21504K, used 5892K [0x00000000bae00000, 0x00000000bc300000, 0x00000000c0000000)
  object space 21504K, 27% used [0x00000000bae00000,0x00000000bb3c10f8,0x00000000bc300000)
Event: 5.154 GC heap after
Heap after GC invocations=5 (full 0):
 PSYoungGen      total 119296K, used 4608K [0x00000000eaa80000, 0x00000000fbf80000, 0x0000000100000000)
  eden space 114688K, 0% used [0x00000000eaa80000,0x00000000eaa80000,0x00000000f1a80000)
  from space 4608K, 100% used [0x00000000f1a80000,0x00000000f1f00000,0x00000000f1f00000)
  to   space 27136K, 0% used [0x00000000fa500000,0x00000000fa500000,0x00000000fbf80000)
 ParOldGen       total 75776K, used 45851K [0x00000000c0000000, 0x00000000c4a00000, 0x00000000eaa80000)
  object space 75776K, 60% used [0x00000000c0000000,0x00000000c2cc6e00,0x00000000c4a00000)
 PSPermGen       total 21504K, used 5892K [0x00000000bae00000, 0x00000000bc300000, 0x00000000c0000000)
  object space 21504K, 27% used [0x00000000bae00000,0x00000000bb3c10f8,0x00000000bc300000)
}

